CRITICAL - 2023-11-21 04:25:42 --> Use of undefined constant i - assumed 'i' (this will throw an Error in a future version of PHP)
#0 C:\xampp\htdocs\omahingkung-rev\app\Views\dashboard.php(60): CodeIgniter\Debug\Exceptions->errorHandler(2, 'Use of undefine...', 'C:\\xampp\\htdocs...', 60, Array)
#1 C:\xampp\htdocs\omahingkung-rev\system\View\View.php(214): include('C:\\xampp\\htdocs...')
#2 C:\xampp\htdocs\omahingkung-rev\system\View\View.php(217): CodeIgniter\View\View->CodeIgniter\View\{closure}()
#3 C:\xampp\htdocs\omahingkung-rev\system\Common.php(1097): CodeIgniter\View\View->render('dashboard', Array, true)
#4 C:\xampp\htdocs\omahingkung-rev\app\Controllers\Dashboard.php(34): view('dashboard', Array)
#5 C:\xampp\htdocs\omahingkung-rev\system\CodeIgniter.php(824): App\Controllers\Dashboard->index()
#6 C:\xampp\htdocs\omahingkung-rev\system\CodeIgniter.php(410): CodeIgniter\CodeIgniter->runController(Object(App\Controllers\Dashboard))
#7 C:\xampp\htdocs\omahingkung-rev\system\CodeIgniter.php(318): CodeIgniter\CodeIgniter->handleRequest(NULL, Object(Config\Cache), false)
#8 C:\xampp\htdocs\omahingkung-rev\index.php(37): CodeIgniter\CodeIgniter->run()
#9 {main}
CRITICAL - 2023-11-21 04:38:49 --> Class 'App\Controller\BaseController' not found
#0 C:\xampp\htdocs\omahingkung-rev\system\Router\Router.php(519): include_once()
#1 C:\xampp\htdocs\omahingkung-rev\system\Router\Router.php(176): CodeIgniter\Router\Router->autoRoute('menu')
#2 C:\xampp\htdocs\omahingkung-rev\system\CodeIgniter.php(718): CodeIgniter\Router\Router->handle('menu')
#3 C:\xampp\htdocs\omahingkung-rev\system\CodeIgniter.php(359): CodeIgniter\CodeIgniter->tryToRouteIt(Object(CodeIgniter\Router\RouteCollection))
#4 C:\xampp\htdocs\omahingkung-rev\system\CodeIgniter.php(318): CodeIgniter\CodeIgniter->handleRequest(NULL, Object(Config\Cache), false)
#5 C:\xampp\htdocs\omahingkung-rev\index.php(37): CodeIgniter\CodeIgniter->run()
#6 {main}
CRITICAL - 2023-11-21 04:43:29 --> Undefined variable: totalTime
#0 C:\xampp\htdocs\omahingkung-rev\system\Debug\Toolbar\Views\toolbar.tpl.php(40): CodeIgniter\Debug\Exceptions->errorHandler(8, 'Undefined varia...', 'C:\\xampp\\htdocs...', 40, Array)
#1 C:\xampp\htdocs\omahingkung-rev\system\Debug\Toolbar.php(497): include('C:\\xampp\\htdocs...')
#2 C:\xampp\htdocs\omahingkung-rev\system\Debug\Toolbar.php(460): CodeIgniter\Debug\Toolbar->format(Array, 'html')
#3 C:\xampp\htdocs\omahingkung-rev\app\Config\Events.php(48): CodeIgniter\Debug\Toolbar->respond()
#4 C:\xampp\htdocs\omahingkung-rev\system\Events\Events.php(149): CodeIgniter\Events\Events::Config\{closure}()
#5 C:\xampp\htdocs\omahingkung-rev\system\CodeIgniter.php(300): CodeIgniter\Events\Events::trigger('pre_system')
#6 C:\xampp\htdocs\omahingkung-rev\index.php(37): CodeIgniter\CodeIgniter->run()
#7 {main}
CRITICAL - 2023-11-21 05:13:01 --> Undefined variable: totalTime
#0 C:\xampp\htdocs\omahingkung-rev\system\Debug\Toolbar\Views\toolbar.tpl.php(40): CodeIgniter\Debug\Exceptions->errorHandler(8, 'Undefined varia...', 'C:\\xampp\\htdocs...', 40, Array)
#1 C:\xampp\htdocs\omahingkung-rev\system\Debug\Toolbar.php(497): include('C:\\xampp\\htdocs...')
#2 C:\xampp\htdocs\omahingkung-rev\system\Debug\Toolbar.php(460): CodeIgniter\Debug\Toolbar->format(Array, 'html')
#3 C:\xampp\htdocs\omahingkung-rev\app\Config\Events.php(48): CodeIgniter\Debug\Toolbar->respond()
#4 C:\xampp\htdocs\omahingkung-rev\system\Events\Events.php(149): CodeIgniter\Events\Events::Config\{closure}()
#5 C:\xampp\htdocs\omahingkung-rev\system\CodeIgniter.php(300): CodeIgniter\Events\Events::trigger('pre_system')
#6 C:\xampp\htdocs\omahingkung-rev\index.php(37): CodeIgniter\CodeIgniter->run()
#7 {main}
CRITICAL - 2023-11-21 22:38:10 --> Undefined variable: totalTime
#0 C:\xampp\htdocs\omahingkung-rev\system\Debug\Toolbar\Views\toolbar.tpl.php(40): CodeIgniter\Debug\Exceptions->errorHandler(8, 'Undefined varia...', 'C:\\xampp\\htdocs...', 40, Array)
#1 C:\xampp\htdocs\omahingkung-rev\system\Debug\Toolbar.php(497): include('C:\\xampp\\htdocs...')
#2 C:\xampp\htdocs\omahingkung-rev\system\Debug\Toolbar.php(460): CodeIgniter\Debug\Toolbar->format(Array, 'html')
#3 C:\xampp\htdocs\omahingkung-rev\app\Config\Events.php(48): CodeIgniter\Debug\Toolbar->respond()
#4 C:\xampp\htdocs\omahingkung-rev\system\Events\Events.php(149): CodeIgniter\Events\Events::Config\{closure}()
#5 C:\xampp\htdocs\omahingkung-rev\system\CodeIgniter.php(300): CodeIgniter\Events\Events::trigger('pre_system')
#6 C:\xampp\htdocs\omahingkung-rev\index.php(37): CodeIgniter\CodeIgniter->run()
#7 {main}
